# JRE version: Java(TM) SE Runtime Environment (8.0_191-b12) (build 1.8.0_191-b12)
# Java VM: Java HotSpot(TM) Client VM (25.191-b12 mixed mode linux-arm )
Heap:
 def new generation   total 78592K, used 78592K [0xa2e00000, 0xa8340000, 0xa8340000)
  eden space 69888K, 100% used [0xa2e00000, 0xa7240000, 0xa7240000)
  from space 8704K, 100% used [0xa7ac0000, 0xa8340000, 0xa8340000)
  to   space 8704K,   0% used [0xa7240000, 0xa7240000, 0xa7ac0000)
 tenured generation   total 174848K, used 174847K [0xa8340000, 0xb2e00000, 0xb2e00000)
   the space 174848K,  99% used [0xa8340000, 0xb2dffff8, 0xb2e00000, 0xb2e00000)
 Metaspace       used 25746K, capacity 26256K, committed 26392K, reserved 26928K
GC Heap History (10 events):
Event: 1130.632 GC heap before
{Heap before GC invocations=1309 (full 852):
 def new generation   total 78592K, used 78591K [0xa2e00000, 0xa8340000, 0xa8340000)
  eden space 69888K, 100% used [0xa2e00000, 0xa7240000, 0xa7240000)
  from space 8704K,  99% used [0xa7ac0000, 0xa833fff0, 0xa8340000)
  to   space 8704K,   0% used [0xa7240000, 0xa7240000, 0xa7ac0000)
 tenured generation   total 174848K, used 174847K [0xa8340000, 0xb2e00000, 0xb2e00000)
   the space 174848K,  99% used [0xa8340000, 0xb2dfff70, 0xb2e00000, 0xb2e00000)
 Metaspace       used 25746K, capacity 26256K, committed 26392K, reserved 26928K
Event: 1131.530 GC heap after
Heap after GC invocations=1310 (full 853):
 def new generation   total 78592K, used 78591K [0xa2e00000, 0xa8340000, 0xa8340000)
  eden space 69888K, 100% used [0xa2e00000, 0xa7240000, 0xa7240000)
  from space 8704K,  99% used [0xa7ac0000, 0xa833fff0, 0xa8340000)
  to   space 8704K,   0% used [0xa7240000, 0xa7240000, 0xa7ac0000)
 tenured generation   total 174848K, used 174847K [0xa8340000, 0xb2e00000, 0xb2e00000)
   the space 174848K,  99% used [0xa8340000, 0xb2dfff70, 0xb2e00000, 0xb2e00000)
 Metaspace       used 25746K, capacity 26256K, committed 26392K, reserved 26928K
}
Event: 1131.530 GC heap before
{Heap before GC invocations=1310 (full 853):
 def new generation   total 78592K, used 78591K [0xa2e00000, 0xa8340000, 0xa8340000)
  eden space 69888K, 100% used [0xa2e00000, 0xa7240000, 0xa7240000)
  from space 8704K,  99% used [0xa7ac0000, 0xa833fff0, 0xa8340000)
  to   space 8704K,   0% used [0xa7240000, 0xa7240000, 0xa7ac0000)
 tenured generation   total 174848K, used 174847K [0xa8340000, 0xb2e00000, 0xb2e00000)
   the space 174848K,  99% used [0xa8340000, 0xb2dfff70, 0xb2e00000, 0xb2e00000)
 Metaspace       used 25746K, capacity 26256K, committed 26392K, reserved 26928K
Event: 1132.429 GC heap after
Heap after GC invocations=1311 (full 854):
 def new generation   total 78592K, used 78591K [0xa2e00000, 0xa8340000, 0xa8340000)
  eden space 69888K, 100% used [0xa2e00000, 0xa7240000, 0xa7240000)
  from space 8704K,  99% used [0xa7ac0000, 0xa833fff0, 0xa8340000)
  to   space 8704K,   0% used [0xa7240000, 0xa7240000, 0xa7ac0000)
 tenured generation   total 174848K, used 174847K [0xa8340000, 0xb2e00000, 0xb2e00000)
   the space 174848K,  99% used [0xa8340000, 0xb2dfff58, 0xb2e00000, 0xb2e00000)
 Metaspace       used 25746K, capacity 26256K, committed 26392K, reserved 26928K
}
Event: 1132.430 GC heap before
{Heap before GC invocations=1311 (full 854):
 def new generation   total 78592K, used 78592K [0xa2e00000, 0xa8340000, 0xa8340000)
  eden space 69888K, 100% used [0xa2e00000, 0xa7240000, 0xa7240000)
  from space 8704K, 100% used [0xa7ac0000, 0xa8340000, 0xa8340000)
  to   space 8704K,   0% used [0xa7240000, 0xa7240000, 0xa7ac0000)
 tenured generation   total 174848K, used 174847K [0xa8340000, 0xb2e00000, 0xb2e00000)
   the space 174848K,  99% used [0xa8340000, 0xb2dfffb0, 0xb2e00000, 0xb2e00000)
 Metaspace       used 25746K, capacity 26256K, committed 26392K, reserved 26928K
Event: 1133.327 GC heap after
Heap after GC invocations=1312 (full 855):
 def new generation   total 78592K, used 78590K [0xa2e00000, 0xa8340000, 0xa8340000)
  eden space 69888K, 100% used [0xa2e00000, 0xa7240000, 0xa7240000)
  from space 8704K,  99% used [0xa7ac0000, 0xa833f8f0, 0xa8340000)
  to   space 8704K,   0% used [0xa7240000, 0xa7240000, 0xa7ac0000)
 tenured generation   total 174848K, used 174847K [0xa8340000, 0xb2e00000, 0xb2e00000)
   the space 174848K,  99% used [0xa8340000, 0xb2dfffb0, 0xb2e00000, 0xb2e00000)
 Metaspace       used 25746K, capacity 26256K, committed 26392K, reserved 26928K
}
Event: 1133.328 GC heap before
{Heap before GC invocations=1312 (full 855):
 def new generation   total 78592K, used 78591K [0xa2e00000, 0xa8340000, 0xa8340000)
  eden space 69888K, 100% used [0xa2e00000, 0xa7240000, 0xa7240000)
  from space 8704K,  99% used [0xa7ac0000, 0xa833fee8, 0xa8340000)
  to   space 8704K,   0% used [0xa7240000, 0xa7240000, 0xa7ac0000)
 tenured generation   total 174848K, used 174847K [0xa8340000, 0xb2e00000, 0xb2e00000)
   the space 174848K,  99% used [0xa8340000, 0xb2dfffb0, 0xb2e00000, 0xb2e00000)
 Metaspace       used 25746K, capacity 26256K, committed 26392K, reserved 26928K
Event: 1134.228 GC heap after
Heap after GC invocations=1313 (full 856):
 def new generation   total 78592K, used 78590K [0xa2e00000, 0xa8340000, 0xa8340000)
  eden space 69888K, 100% used [0xa2e00000, 0xa7240000, 0xa7240000)
  from space 8704K,  99% used [0xa7ac0000, 0xa833fb58, 0xa8340000)
  to   space 8704K,   0% used [0xa7240000, 0xa7240000, 0xa7ac0000)
 tenured generation   total 174848K, used 174847K [0xa8340000, 0xb2e00000, 0xb2e00000)
   the space 174848K,  99% used [0xa8340000, 0xb2dfff58, 0xb2e00000, 0xb2e00000)
 Metaspace       used 25746K, capacity 26256K, committed 26392K, reserved 26928K
}
Event: 1134.228 GC heap before
{Heap before GC invocations=1313 (full 856):
 def new generation   total 78592K, used 78590K [0xa2e00000, 0xa8340000, 0xa8340000)
  eden space 69888K, 100% used [0xa2e00000, 0xa7240000, 0xa7240000)
  from space 8704K,  99% used [0xa7ac0000, 0xa833fb58, 0xa8340000)
  to   space 8704K,   0% used [0xa7240000, 0xa7240000, 0xa7ac0000)
 tenured generation   total 174848K, used 174847K [0xa8340000, 0xb2e00000, 0xb2e00000)
   the space 174848K,  99% used [0xa8340000, 0xb2dfff58, 0xb2e00000, 0xb2e00000)
 Metaspace       used 25746K, capacity 26256K, committed 26392K, reserved 26928K
Event: 1135.127 GC heap after
Heap after GC invocations=1314 (full 857):
 def new generation   total 78592K, used 78590K [0xa2e00000, 0xa8340000, 0xa8340000)
  eden space 69888K, 100% used [0xa2e00000, 0xa7240000, 0xa7240000)
  from space 8704K,  99% used [0xa7ac0000, 0xa833fb58, 0xa8340000)
  to   space 8704K,   0% used [0xa7240000, 0xa7240000, 0xa7ac0000)
 tenured generation   total 174848K, used 174847K [0xa8340000, 0xb2e00000, 0xb2e00000)
   the space 174848K,  99% used [0xa8340000, 0xb2dfff58, 0xb2e00000, 0xb2e00000)
 Metaspace       used 25746K, capacity 26256K, committed 26392K, reserved 26928K
}

